<?xml version="1.0" encoding="UTF-8"?>
<testng-results total="2" passed="2" failed="0" skipped="0">
  <reporter-output>
  </reporter-output>
  <suite started-at="2021-12-12T14:48:32Z" name="Suite" finished-at="2021-12-12T14:48:46Z" duration-ms="14147">
    <groups>
    </groups>
    <test started-at="2021-12-12T14:48:32Z" name="Test" finished-at="2021-12-12T14:48:46Z" duration-ms="14147">
      <class name="mytest.conceptTests.ExtentReportsTest">
        <test-method is-config="true" signature="setUpSuite()[pri:0, instance:mytest.conceptTests.ExtentReportsTest@3688eb5b]" started-at="2021-12-12T20:18:32Z" name="setUpSuite" finished-at="2021-12-12T20:18:32Z" duration-ms="294" status="PASS">
          <reporter-output>
          </reporter-output>
        </test-method> <!-- setUpSuite -->
        <test-method is-config="true" signature="setUpBrowser()[pri:0, instance:mytest.conceptTests.ExtentReportsTest@3688eb5b]" started-at="2021-12-12T20:18:32Z" name="setUpBrowser" finished-at="2021-12-12T20:18:38Z" duration-ms="5518" status="PASS">
          <reporter-output>
          </reporter-output>
        </test-method> <!-- setUpBrowser -->
        <test-method signature="firstTest()[pri:0, instance:mytest.conceptTests.ExtentReportsTest@3688eb5b]" started-at="2021-12-12T20:18:38Z" name="firstTest" finished-at="2021-12-12T20:18:43Z" duration-ms="4774" status="PASS">
          <reporter-output>
          </reporter-output>
        </test-method> <!-- firstTest -->
        <test-method is-config="true" signature="cleanUp()[pri:0, instance:mytest.conceptTests.ExtentReportsTest@3688eb5b]" started-at="2021-12-12T20:18:43Z" name="cleanUp" finished-at="2021-12-12T20:18:43Z" duration-ms="104" status="PASS">
          <reporter-output>
          </reporter-output>
        </test-method> <!-- cleanUp -->
        <test-method is-config="true" signature="setUpBrowser()[pri:0, instance:mytest.conceptTests.ExtentReportsTest@3688eb5b]" started-at="2021-12-12T20:18:43Z" name="setUpBrowser" finished-at="2021-12-12T20:18:44Z" duration-ms="1626" status="PASS">
          <reporter-output>
          </reporter-output>
        </test-method> <!-- setUpBrowser -->
        <test-method signature="secondTest()[pri:0, instance:mytest.conceptTests.ExtentReportsTest@3688eb5b]" started-at="2021-12-12T20:18:44Z" name="secondTest" finished-at="2021-12-12T20:18:46Z" duration-ms="2012" status="PASS">
          <reporter-output>
          </reporter-output>
        </test-method> <!-- secondTest -->
        <test-method is-config="true" signature="cleanUp()[pri:0, instance:mytest.conceptTests.ExtentReportsTest@3688eb5b]" started-at="2021-12-12T20:18:46Z" name="cleanUp" finished-at="2021-12-12T20:18:46Z" duration-ms="89" status="PASS">
          <reporter-output>
          </reporter-output>
        </test-method> <!-- cleanUp -->
        <test-method is-config="true" signature="tearDownSuite()[pri:0, instance:mytest.conceptTests.ExtentReportsTest@3688eb5b]" started-at="2021-12-12T20:18:47Z" name="tearDownSuite" finished-at="2021-12-12T20:18:47Z" duration-ms="560" status="PASS">
          <reporter-output>
          </reporter-output>
        </test-method> <!-- tearDownSuite -->
      </class> <!-- mytest.conceptTests.ExtentReportsTest -->
    </test> <!-- Test -->
  </suite> <!-- Suite -->
</testng-results>
